  UnitTest1.cpp
     Creating library C:\Users\Note\Desktop\OOP\oop-lab2.4.1\Project1\x64\Debug\UnitTest1.lib and object C:\Users\Note\Desktop\OOP\oop-lab2.4.1\Project1\x64\Debug\UnitTest1.exp
UnitTest1.obj : error LNK2019: unresolved external symbol "public: __cdecl Vector::Vector(int)" (??0Vector@@QEAA@H@Z) referenced in function "public: void __cdecl UnitTest1::UnitTest1::TestMethod1(void)" (?TestMethod1@UnitTest1@1@QEAAXXZ)
UnitTest1.obj : error LNK2019: unresolved external symbol "public: __cdecl Vector::~Vector(void)" (??1Vector@@QEAA@XZ) referenced in function "public: void __cdecl UnitTest1::UnitTest1::TestMethod1(void)" (?TestMethod1@UnitTest1@1@QEAAXXZ)
UnitTest1.obj : error LNK2019: unresolved external symbol "public: int __cdecl Vector::getSize(void)const " (?getSize@Vector@@QEBAHXZ) referenced in function "public: void __cdecl UnitTest1::UnitTest1::TestMethod1(void)" (?TestMethod1@UnitTest1@1@QEAAXXZ)
UnitTest1.obj : error LNK2019: unresolved external symbol "public: int __cdecl Vector::getElement(int)const " (?getElement@Vector@@QEBAHH@Z) referenced in function "public: void __cdecl UnitTest1::UnitTest1::TestMethod1(void)" (?TestMethod1@UnitTest1@1@QEAAXXZ)
C:\Users\Note\Desktop\OOP\oop-lab2.4.1\Project1\x64\Debug\UnitTest1.dll : fatal error LNK1120: 4 unresolved externals
